<?xml version="1.0" encoding="UTF-8"?>
<testsuite xmlns:xsi="http://www.w3.org/2001/XMLSchema-instance" xsi:noNamespaceSchemaLocation="https://maven.apache.org/surefire/maven-surefire-plugin/xsd/surefire-test-report-3.0.xsd" version="3.0" name="com.scrapernest.webscraperthesismodel.WebScraperThesisModelApplicationTests" time="8.332" tests="1" errors="0" skipped="0" failures="0">
  <properties>
    <property name="java.specification.version" value="20"/>
    <property name="sun.jnu.encoding" value="UTF-8"/>
    <property name="java.class.path" value="/Users/shukrahalimi/IdeaProjects/web-scraper-thesis/web-scraper-thesis-model/target/test-classes:/Users/shukrahalimi/IdeaProjects/web-scraper-thesis/web-scraper-thesis-model/target/classes:/Users/shukrahalimi/.m2/repository/org/springframework/boot/spring-boot-starter/3.2.0/spring-boot-starter-3.2.0.jar:/Users/shukrahalimi/.m2/repository/org/springframework/boot/spring-boot/3.2.0/spring-boot-3.2.0.jar:/Users/shukrahalimi/.m2/repository/org/springframework/spring-context/6.1.1/spring-context-6.1.1.jar:/Users/shukrahalimi/.m2/repository/org/springframework/boot/spring-boot-autoconfigure/3.2.0/spring-boot-autoconfigure-3.2.0.jar:/Users/shukrahalimi/.m2/repository/org/springframework/boot/spring-boot-starter-logging/3.2.0/spring-boot-starter-logging-3.2.0.jar:/Users/shukrahalimi/.m2/repository/ch/qos/logback/logback-classic/1.4.11/logback-classic-1.4.11.jar:/Users/shukrahalimi/.m2/repository/ch/qos/logback/logback-core/1.4.11/logback-core-1.4.11.jar:/Users/shukrahalimi/.m2/repository/org/apache/logging/log4j/log4j-to-slf4j/2.21.1/log4j-to-slf4j-2.21.1.jar:/Users/shukrahalimi/.m2/repository/org/apache/logging/log4j/log4j-api/2.21.1/log4j-api-2.21.1.jar:/Users/shukrahalimi/.m2/repository/org/slf4j/jul-to-slf4j/2.0.9/jul-to-slf4j-2.0.9.jar:/Users/shukrahalimi/.m2/repository/jakarta/annotation/jakarta.annotation-api/2.1.1/jakarta.annotation-api-2.1.1.jar:/Users/shukrahalimi/.m2/repository/org/springframework/spring-core/6.1.1/spring-core-6.1.1.jar:/Users/shukrahalimi/.m2/repository/org/springframework/spring-jcl/6.1.1/spring-jcl-6.1.1.jar:/Users/shukrahalimi/.m2/repository/org/yaml/snakeyaml/2.2/snakeyaml-2.2.jar:/Users/shukrahalimi/.m2/repository/org/springframework/boot/spring-boot-starter-test/3.2.0/spring-boot-starter-test-3.2.0.jar:/Users/shukrahalimi/.m2/repository/org/springframework/boot/spring-boot-test/3.2.0/spring-boot-test-3.2.0.jar:/Users/shukrahalimi/.m2/repository/org/springframework/boot/spring-boot-test-autoconfigure/3.2.0/spring-boot-test-autoconfigure-3.2.0.jar:/Users/shukrahalimi/.m2/repository/com/jayway/jsonpath/json-path/2.8.0/json-path-2.8.0.jar:/Users/shukrahalimi/.m2/repository/jakarta/xml/bind/jakarta.xml.bind-api/4.0.1/jakarta.xml.bind-api-4.0.1.jar:/Users/shukrahalimi/.m2/repository/jakarta/activation/jakarta.activation-api/2.1.2/jakarta.activation-api-2.1.2.jar:/Users/shukrahalimi/.m2/repository/net/minidev/json-smart/2.5.0/json-smart-2.5.0.jar:/Users/shukrahalimi/.m2/repository/net/minidev/accessors-smart/2.5.0/accessors-smart-2.5.0.jar:/Users/shukrahalimi/.m2/repository/org/ow2/asm/asm/9.3/asm-9.3.jar:/Users/shukrahalimi/.m2/repository/org/assertj/assertj-core/3.24.2/assertj-core-3.24.2.jar:/Users/shukrahalimi/.m2/repository/net/bytebuddy/byte-buddy/1.14.10/byte-buddy-1.14.10.jar:/Users/shukrahalimi/.m2/repository/org/awaitility/awaitility/4.2.0/awaitility-4.2.0.jar:/Users/shukrahalimi/.m2/repository/org/hamcrest/hamcrest/2.2/hamcrest-2.2.jar:/Users/shukrahalimi/.m2/repository/org/junit/jupiter/junit-jupiter/5.10.1/junit-jupiter-5.10.1.jar:/Users/shukrahalimi/.m2/repository/org/junit/jupiter/junit-jupiter-api/5.10.1/junit-jupiter-api-5.10.1.jar:/Users/shukrahalimi/.m2/repository/org/opentest4j/opentest4j/1.3.0/opentest4j-1.3.0.jar:/Users/shukrahalimi/.m2/repository/org/junit/platform/junit-platform-commons/1.10.1/junit-platform-commons-1.10.1.jar:/Users/shukrahalimi/.m2/repository/org/apiguardian/apiguardian-api/1.1.2/apiguardian-api-1.1.2.jar:/Users/shukrahalimi/.m2/repository/org/junit/jupiter/junit-jupiter-params/5.10.1/junit-jupiter-params-5.10.1.jar:/Users/shukrahalimi/.m2/repository/org/junit/jupiter/junit-jupiter-engine/5.10.1/junit-jupiter-engine-5.10.1.jar:/Users/shukrahalimi/.m2/repository/org/junit/platform/junit-platform-engine/1.10.1/junit-platform-engine-1.10.1.jar:/Users/shukrahalimi/.m2/repository/org/mockito/mockito-core/5.7.0/mockito-core-5.7.0.jar:/Users/shukrahalimi/.m2/repository/net/bytebuddy/byte-buddy-agent/1.14.10/byte-buddy-agent-1.14.10.jar:/Users/shukrahalimi/.m2/repository/org/objenesis/objenesis/3.3/objenesis-3.3.jar:/Users/shukrahalimi/.m2/repository/org/mockito/mockito-junit-jupiter/5.7.0/mockito-junit-jupiter-5.7.0.jar:/Users/shukrahalimi/.m2/repository/org/skyscreamer/jsonassert/1.5.1/jsonassert-1.5.1.jar:/Users/shukrahalimi/.m2/repository/com/vaadin/external/google/android-json/0.0.20131108.vaadin1/android-json-0.0.20131108.vaadin1.jar:/Users/shukrahalimi/.m2/repository/org/springframework/spring-test/6.1.1/spring-test-6.1.1.jar:/Users/shukrahalimi/.m2/repository/org/xmlunit/xmlunit-core/2.9.1/xmlunit-core-2.9.1.jar:/Users/shukrahalimi/.m2/repository/org/springframework/boot/spring-boot-starter-web/3.2.0/spring-boot-starter-web-3.2.0.jar:/Users/shukrahalimi/.m2/repository/org/springframework/boot/spring-boot-starter-json/3.2.0/spring-boot-starter-json-3.2.0.jar:/Users/shukrahalimi/.m2/repository/com/fasterxml/jackson/datatype/jackson-datatype-jdk8/2.15.3/jackson-datatype-jdk8-2.15.3.jar:/Users/shukrahalimi/.m2/repository/com/fasterxml/jackson/module/jackson-module-parameter-names/2.15.3/jackson-module-parameter-names-2.15.3.jar:/Users/shukrahalimi/.m2/repository/org/springframework/boot/spring-boot-starter-tomcat/3.2.0/spring-boot-starter-tomcat-3.2.0.jar:/Users/shukrahalimi/.m2/repository/org/apache/tomcat/embed/tomcat-embed-core/10.1.16/tomcat-embed-core-10.1.16.jar:/Users/shukrahalimi/.m2/repository/org/apache/tomcat/embed/tomcat-embed-el/10.1.16/tomcat-embed-el-10.1.16.jar:/Users/shukrahalimi/.m2/repository/org/apache/tomcat/embed/tomcat-embed-websocket/10.1.16/tomcat-embed-websocket-10.1.16.jar:/Users/shukrahalimi/.m2/repository/org/springframework/spring-web/6.1.1/spring-web-6.1.1.jar:/Users/shukrahalimi/.m2/repository/org/springframework/spring-beans/6.1.1/spring-beans-6.1.1.jar:/Users/shukrahalimi/.m2/repository/io/micrometer/micrometer-observation/1.12.0/micrometer-observation-1.12.0.jar:/Users/shukrahalimi/.m2/repository/io/micrometer/micrometer-commons/1.12.0/micrometer-commons-1.12.0.jar:/Users/shukrahalimi/.m2/repository/org/springframework/spring-webmvc/6.1.1/spring-webmvc-6.1.1.jar:/Users/shukrahalimi/.m2/repository/org/springframework/spring-expression/6.1.1/spring-expression-6.1.1.jar:/Users/shukrahalimi/.m2/repository/org/springframework/boot/spring-boot-starter-data-mongodb/3.2.0/spring-boot-starter-data-mongodb-3.2.0.jar:/Users/shukrahalimi/.m2/repository/org/mongodb/mongodb-driver-sync/4.11.1/mongodb-driver-sync-4.11.1.jar:/Users/shukrahalimi/.m2/repository/org/mongodb/bson/4.11.1/bson-4.11.1.jar:/Users/shukrahalimi/.m2/repository/org/mongodb/mongodb-driver-core/4.11.1/mongodb-driver-core-4.11.1.jar:/Users/shukrahalimi/.m2/repository/org/mongodb/bson-record-codec/4.11.1/bson-record-codec-4.11.1.jar:/Users/shukrahalimi/.m2/repository/org/springframework/data/spring-data-mongodb/4.2.0/spring-data-mongodb-4.2.0.jar:/Users/shukrahalimi/.m2/repository/org/springframework/spring-tx/6.1.1/spring-tx-6.1.1.jar:/Users/shukrahalimi/.m2/repository/org/springframework/data/spring-data-commons/3.2.0/spring-data-commons-3.2.0.jar:/Users/shukrahalimi/.m2/repository/org/springframework/boot/spring-boot-starter-data-mongodb-reactive/3.2.0/spring-boot-starter-data-mongodb-reactive-3.2.0.jar:/Users/shukrahalimi/.m2/repository/io/projectreactor/reactor-core/3.6.0/reactor-core-3.6.0.jar:/Users/shukrahalimi/.m2/repository/org/reactivestreams/reactive-streams/1.0.4/reactive-streams-1.0.4.jar:/Users/shukrahalimi/.m2/repository/org/mongodb/mongodb-driver-reactivestreams/4.11.1/mongodb-driver-reactivestreams-4.11.1.jar:/Users/shukrahalimi/.m2/repository/org/springframework/boot/spring-boot-starter-security/3.2.0/spring-boot-starter-security-3.2.0.jar:/Users/shukrahalimi/.m2/repository/org/springframework/spring-aop/6.1.1/spring-aop-6.1.1.jar:/Users/shukrahalimi/.m2/repository/org/springframework/security/spring-security-config/6.2.0/spring-security-config-6.2.0.jar:/Users/shukrahalimi/.m2/repository/org/springframework/security/spring-security-web/6.2.0/spring-security-web-6.2.0.jar:/Users/shukrahalimi/.m2/repository/org/springframework/boot/spring-boot-starter-thymeleaf/3.2.0/spring-boot-starter-thymeleaf-3.2.0.jar:/Users/shukrahalimi/.m2/repository/org/thymeleaf/thymeleaf-spring6/3.1.2.RELEASE/thymeleaf-spring6-3.1.2.RELEASE.jar:/Users/shukrahalimi/.m2/repository/org/thymeleaf/thymeleaf/3.1.2.RELEASE/thymeleaf-3.1.2.RELEASE.jar:/Users/shukrahalimi/.m2/repository/org/attoparser/attoparser/2.0.7.RELEASE/attoparser-2.0.7.RELEASE.jar:/Users/shukrahalimi/.m2/repository/org/unbescape/unbescape/1.1.6.RELEASE/unbescape-1.1.6.RELEASE.jar:/Users/shukrahalimi/.m2/repository/org/thymeleaf/extras/thymeleaf-extras-springsecurity6/3.1.2.RELEASE/thymeleaf-extras-springsecurity6-3.1.2.RELEASE.jar:/Users/shukrahalimi/.m2/repository/org/slf4j/slf4j-api/2.0.9/slf4j-api-2.0.9.jar:/Users/shukrahalimi/.m2/repository/org/jsoup/jsoup/1.15.3/jsoup-1.15.3.jar:/Users/shukrahalimi/.m2/repository/org/tinylog/tinylog-api/2.6.1/tinylog-api-2.6.1.jar:/Users/shukrahalimi/.m2/repository/org/tinylog/tinylog-impl/2.6.1/tinylog-impl-2.6.1.jar:/Users/shukrahalimi/.m2/repository/com/fasterxml/jackson/core/jackson-databind/2.14.2/jackson-databind-2.14.2.jar:/Users/shukrahalimi/.m2/repository/com/fasterxml/jackson/core/jackson-core/2.15.3/jackson-core-2.15.3.jar:/Users/shukrahalimi/.m2/repository/com/fasterxml/jackson/core/jackson-annotations/2.14.2/jackson-annotations-2.14.2.jar:/Users/shukrahalimi/.m2/repository/com/fasterxml/jackson/datatype/jackson-datatype-jsr310/2.14.2/jackson-datatype-jsr310-2.14.2.jar:/Users/shukrahalimi/.m2/repository/org/springframework/boot/spring-boot-devtools/3.2.0/spring-boot-devtools-3.2.0.jar:/Users/shukrahalimi/.m2/repository/org/projectlombok/lombok/1.18.30/lombok-1.18.30.jar:/Users/shukrahalimi/.m2/repository/io/projectreactor/reactor-test/3.6.0/reactor-test-3.6.0.jar:/Users/shukrahalimi/.m2/repository/org/springframework/security/spring-security-test/6.2.0/spring-security-test-6.2.0.jar:/Users/shukrahalimi/.m2/repository/org/springframework/security/spring-security-core/6.2.0/spring-security-core-6.2.0.jar:/Users/shukrahalimi/.m2/repository/org/springframework/security/spring-security-crypto/6.2.0/spring-security-crypto-6.2.0.jar:"/>
    <property name="java.vm.vendor" value="Oracle Corporation"/>
    <property name="sun.arch.data.model" value="64"/>
    <property name="java.vendor.url" value="https://java.oracle.com/"/>
    <property name="user.timezone" value="Europe/Budapest"/>
    <property name="os.name" value="Mac OS X"/>
    <property name="java.vm.specification.version" value="20"/>
    <property name="sun.java.launcher" value="SUN_STANDARD"/>
    <property name="user.country" value="GB"/>
    <property name="sun.boot.library.path" value="/Users/shukrahalimi/Library/Java/JavaVirtualMachines/openjdk-20.0.1/Contents/Home/lib"/>
    <property name="sun.java.command" value="/Users/shukrahalimi/IdeaProjects/web-scraper-thesis/web-scraper-thesis-model/target/surefire/surefirebooter-20231204183412071_3.jar /Users/shukrahalimi/IdeaProjects/web-scraper-thesis/web-scraper-thesis-model/target/surefire 2023-12-04T18-34-11_774-jvmRun1 surefire-20231204183412071_1tmp surefire_0-20231204183412071_2tmp"/>
    <property name="http.nonProxyHosts" value="local|*.local|169.254/16|*.169.254/16"/>
    <property name="jdk.debug" value="release"/>
    <property name="surefire.test.class.path" value="/Users/shukrahalimi/IdeaProjects/web-scraper-thesis/web-scraper-thesis-model/target/test-classes:/Users/shukrahalimi/IdeaProjects/web-scraper-thesis/web-scraper-thesis-model/target/classes:/Users/shukrahalimi/.m2/repository/org/springframework/boot/spring-boot-starter/3.2.0/spring-boot-starter-3.2.0.jar:/Users/shukrahalimi/.m2/repository/org/springframework/boot/spring-boot/3.2.0/spring-boot-3.2.0.jar:/Users/shukrahalimi/.m2/repository/org/springframework/spring-context/6.1.1/spring-context-6.1.1.jar:/Users/shukrahalimi/.m2/repository/org/springframework/boot/spring-boot-autoconfigure/3.2.0/spring-boot-autoconfigure-3.2.0.jar:/Users/shukrahalimi/.m2/repository/org/springframework/boot/spring-boot-starter-logging/3.2.0/spring-boot-starter-logging-3.2.0.jar:/Users/shukrahalimi/.m2/repository/ch/qos/logback/logback-classic/1.4.11/logback-classic-1.4.11.jar:/Users/shukrahalimi/.m2/repository/ch/qos/logback/logback-core/1.4.11/logback-core-1.4.11.jar:/Users/shukrahalimi/.m2/repository/org/apache/logging/log4j/log4j-to-slf4j/2.21.1/log4j-to-slf4j-2.21.1.jar:/Users/shukrahalimi/.m2/repository/org/apache/logging/log4j/log4j-api/2.21.1/log4j-api-2.21.1.jar:/Users/shukrahalimi/.m2/repository/org/slf4j/jul-to-slf4j/2.0.9/jul-to-slf4j-2.0.9.jar:/Users/shukrahalimi/.m2/repository/jakarta/annotation/jakarta.annotation-api/2.1.1/jakarta.annotation-api-2.1.1.jar:/Users/shukrahalimi/.m2/repository/org/springframework/spring-core/6.1.1/spring-core-6.1.1.jar:/Users/shukrahalimi/.m2/repository/org/springframework/spring-jcl/6.1.1/spring-jcl-6.1.1.jar:/Users/shukrahalimi/.m2/repository/org/yaml/snakeyaml/2.2/snakeyaml-2.2.jar:/Users/shukrahalimi/.m2/repository/org/springframework/boot/spring-boot-starter-test/3.2.0/spring-boot-starter-test-3.2.0.jar:/Users/shukrahalimi/.m2/repository/org/springframework/boot/spring-boot-test/3.2.0/spring-boot-test-3.2.0.jar:/Users/shukrahalimi/.m2/repository/org/springframework/boot/spring-boot-test-autoconfigure/3.2.0/spring-boot-test-autoconfigure-3.2.0.jar:/Users/shukrahalimi/.m2/repository/com/jayway/jsonpath/json-path/2.8.0/json-path-2.8.0.jar:/Users/shukrahalimi/.m2/repository/jakarta/xml/bind/jakarta.xml.bind-api/4.0.1/jakarta.xml.bind-api-4.0.1.jar:/Users/shukrahalimi/.m2/repository/jakarta/activation/jakarta.activation-api/2.1.2/jakarta.activation-api-2.1.2.jar:/Users/shukrahalimi/.m2/repository/net/minidev/json-smart/2.5.0/json-smart-2.5.0.jar:/Users/shukrahalimi/.m2/repository/net/minidev/accessors-smart/2.5.0/accessors-smart-2.5.0.jar:/Users/shukrahalimi/.m2/repository/org/ow2/asm/asm/9.3/asm-9.3.jar:/Users/shukrahalimi/.m2/repository/org/assertj/assertj-core/3.24.2/assertj-core-3.24.2.jar:/Users/shukrahalimi/.m2/repository/net/bytebuddy/byte-buddy/1.14.10/byte-buddy-1.14.10.jar:/Users/shukrahalimi/.m2/repository/org/awaitility/awaitility/4.2.0/awaitility-4.2.0.jar:/Users/shukrahalimi/.m2/repository/org/hamcrest/hamcrest/2.2/hamcrest-2.2.jar:/Users/shukrahalimi/.m2/repository/org/junit/jupiter/junit-jupiter/5.10.1/junit-jupiter-5.10.1.jar:/Users/shukrahalimi/.m2/repository/org/junit/jupiter/junit-jupiter-api/5.10.1/junit-jupiter-api-5.10.1.jar:/Users/shukrahalimi/.m2/repository/org/opentest4j/opentest4j/1.3.0/opentest4j-1.3.0.jar:/Users/shukrahalimi/.m2/repository/org/junit/platform/junit-platform-commons/1.10.1/junit-platform-commons-1.10.1.jar:/Users/shukrahalimi/.m2/repository/org/apiguardian/apiguardian-api/1.1.2/apiguardian-api-1.1.2.jar:/Users/shukrahalimi/.m2/repository/org/junit/jupiter/junit-jupiter-params/5.10.1/junit-jupiter-params-5.10.1.jar:/Users/shukrahalimi/.m2/repository/org/junit/jupiter/junit-jupiter-engine/5.10.1/junit-jupiter-engine-5.10.1.jar:/Users/shukrahalimi/.m2/repository/org/junit/platform/junit-platform-engine/1.10.1/junit-platform-engine-1.10.1.jar:/Users/shukrahalimi/.m2/repository/org/mockito/mockito-core/5.7.0/mockito-core-5.7.0.jar:/Users/shukrahalimi/.m2/repository/net/bytebuddy/byte-buddy-agent/1.14.10/byte-buddy-agent-1.14.10.jar:/Users/shukrahalimi/.m2/repository/org/objenesis/objenesis/3.3/objenesis-3.3.jar:/Users/shukrahalimi/.m2/repository/org/mockito/mockito-junit-jupiter/5.7.0/mockito-junit-jupiter-5.7.0.jar:/Users/shukrahalimi/.m2/repository/org/skyscreamer/jsonassert/1.5.1/jsonassert-1.5.1.jar:/Users/shukrahalimi/.m2/repository/com/vaadin/external/google/android-json/0.0.20131108.vaadin1/android-json-0.0.20131108.vaadin1.jar:/Users/shukrahalimi/.m2/repository/org/springframework/spring-test/6.1.1/spring-test-6.1.1.jar:/Users/shukrahalimi/.m2/repository/org/xmlunit/xmlunit-core/2.9.1/xmlunit-core-2.9.1.jar:/Users/shukrahalimi/.m2/repository/org/springframework/boot/spring-boot-starter-web/3.2.0/spring-boot-starter-web-3.2.0.jar:/Users/shukrahalimi/.m2/repository/org/springframework/boot/spring-boot-starter-json/3.2.0/spring-boot-starter-json-3.2.0.jar:/Users/shukrahalimi/.m2/repository/com/fasterxml/jackson/datatype/jackson-datatype-jdk8/2.15.3/jackson-datatype-jdk8-2.15.3.jar:/Users/shukrahalimi/.m2/repository/com/fasterxml/jackson/module/jackson-module-parameter-names/2.15.3/jackson-module-parameter-names-2.15.3.jar:/Users/shukrahalimi/.m2/repository/org/springframework/boot/spring-boot-starter-tomcat/3.2.0/spring-boot-starter-tomcat-3.2.0.jar:/Users/shukrahalimi/.m2/repository/org/apache/tomcat/embed/tomcat-embed-core/10.1.16/tomcat-embed-core-10.1.16.jar:/Users/shukrahalimi/.m2/repository/org/apache/tomcat/embed/tomcat-embed-el/10.1.16/tomcat-embed-el-10.1.16.jar:/Users/shukrahalimi/.m2/repository/org/apache/tomcat/embed/tomcat-embed-websocket/10.1.16/tomcat-embed-websocket-10.1.16.jar:/Users/shukrahalimi/.m2/repository/org/springframework/spring-web/6.1.1/spring-web-6.1.1.jar:/Users/shukrahalimi/.m2/repository/org/springframework/spring-beans/6.1.1/spring-beans-6.1.1.jar:/Users/shukrahalimi/.m2/repository/io/micrometer/micrometer-observation/1.12.0/micrometer-observation-1.12.0.jar:/Users/shukrahalimi/.m2/repository/io/micrometer/micrometer-commons/1.12.0/micrometer-commons-1.12.0.jar:/Users/shukrahalimi/.m2/repository/org/springframework/spring-webmvc/6.1.1/spring-webmvc-6.1.1.jar:/Users/shukrahalimi/.m2/repository/org/springframework/spring-expression/6.1.1/spring-expression-6.1.1.jar:/Users/shukrahalimi/.m2/repository/org/springframework/boot/spring-boot-starter-data-mongodb/3.2.0/spring-boot-starter-data-mongodb-3.2.0.jar:/Users/shukrahalimi/.m2/repository/org/mongodb/mongodb-driver-sync/4.11.1/mongodb-driver-sync-4.11.1.jar:/Users/shukrahalimi/.m2/repository/org/mongodb/bson/4.11.1/bson-4.11.1.jar:/Users/shukrahalimi/.m2/repository/org/mongodb/mongodb-driver-core/4.11.1/mongodb-driver-core-4.11.1.jar:/Users/shukrahalimi/.m2/repository/org/mongodb/bson-record-codec/4.11.1/bson-record-codec-4.11.1.jar:/Users/shukrahalimi/.m2/repository/org/springframework/data/spring-data-mongodb/4.2.0/spring-data-mongodb-4.2.0.jar:/Users/shukrahalimi/.m2/repository/org/springframework/spring-tx/6.1.1/spring-tx-6.1.1.jar:/Users/shukrahalimi/.m2/repository/org/springframework/data/spring-data-commons/3.2.0/spring-data-commons-3.2.0.jar:/Users/shukrahalimi/.m2/repository/org/springframework/boot/spring-boot-starter-data-mongodb-reactive/3.2.0/spring-boot-starter-data-mongodb-reactive-3.2.0.jar:/Users/shukrahalimi/.m2/repository/io/projectreactor/reactor-core/3.6.0/reactor-core-3.6.0.jar:/Users/shukrahalimi/.m2/repository/org/reactivestreams/reactive-streams/1.0.4/reactive-streams-1.0.4.jar:/Users/shukrahalimi/.m2/repository/org/mongodb/mongodb-driver-reactivestreams/4.11.1/mongodb-driver-reactivestreams-4.11.1.jar:/Users/shukrahalimi/.m2/repository/org/springframework/boot/spring-boot-starter-security/3.2.0/spring-boot-starter-security-3.2.0.jar:/Users/shukrahalimi/.m2/repository/org/springframework/spring-aop/6.1.1/spring-aop-6.1.1.jar:/Users/shukrahalimi/.m2/repository/org/springframework/security/spring-security-config/6.2.0/spring-security-config-6.2.0.jar:/Users/shukrahalimi/.m2/repository/org/springframework/security/spring-security-web/6.2.0/spring-security-web-6.2.0.jar:/Users/shukrahalimi/.m2/repository/org/springframework/boot/spring-boot-starter-thymeleaf/3.2.0/spring-boot-starter-thymeleaf-3.2.0.jar:/Users/shukrahalimi/.m2/repository/org/thymeleaf/thymeleaf-spring6/3.1.2.RELEASE/thymeleaf-spring6-3.1.2.RELEASE.jar:/Users/shukrahalimi/.m2/repository/org/thymeleaf/thymeleaf/3.1.2.RELEASE/thymeleaf-3.1.2.RELEASE.jar:/Users/shukrahalimi/.m2/repository/org/attoparser/attoparser/2.0.7.RELEASE/attoparser-2.0.7.RELEASE.jar:/Users/shukrahalimi/.m2/repository/org/unbescape/unbescape/1.1.6.RELEASE/unbescape-1.1.6.RELEASE.jar:/Users/shukrahalimi/.m2/repository/org/thymeleaf/extras/thymeleaf-extras-springsecurity6/3.1.2.RELEASE/thymeleaf-extras-springsecurity6-3.1.2.RELEASE.jar:/Users/shukrahalimi/.m2/repository/org/slf4j/slf4j-api/2.0.9/slf4j-api-2.0.9.jar:/Users/shukrahalimi/.m2/repository/org/jsoup/jsoup/1.15.3/jsoup-1.15.3.jar:/Users/shukrahalimi/.m2/repository/org/tinylog/tinylog-api/2.6.1/tinylog-api-2.6.1.jar:/Users/shukrahalimi/.m2/repository/org/tinylog/tinylog-impl/2.6.1/tinylog-impl-2.6.1.jar:/Users/shukrahalimi/.m2/repository/com/fasterxml/jackson/core/jackson-databind/2.14.2/jackson-databind-2.14.2.jar:/Users/shukrahalimi/.m2/repository/com/fasterxml/jackson/core/jackson-core/2.15.3/jackson-core-2.15.3.jar:/Users/shukrahalimi/.m2/repository/com/fasterxml/jackson/core/jackson-annotations/2.14.2/jackson-annotations-2.14.2.jar:/Users/shukrahalimi/.m2/repository/com/fasterxml/jackson/datatype/jackson-datatype-jsr310/2.14.2/jackson-datatype-jsr310-2.14.2.jar:/Users/shukrahalimi/.m2/repository/org/springframework/boot/spring-boot-devtools/3.2.0/spring-boot-devtools-3.2.0.jar:/Users/shukrahalimi/.m2/repository/org/projectlombok/lombok/1.18.30/lombok-1.18.30.jar:/Users/shukrahalimi/.m2/repository/io/projectreactor/reactor-test/3.6.0/reactor-test-3.6.0.jar:/Users/shukrahalimi/.m2/repository/org/springframework/security/spring-security-test/6.2.0/spring-security-test-6.2.0.jar:/Users/shukrahalimi/.m2/repository/org/springframework/security/spring-security-core/6.2.0/spring-security-core-6.2.0.jar:/Users/shukrahalimi/.m2/repository/org/springframework/security/spring-security-crypto/6.2.0/spring-security-crypto-6.2.0.jar:"/>
    <property name="sun.cpu.endian" value="little"/>
    <property name="user.home" value="/Users/shukrahalimi"/>
    <property name="user.language" value="en"/>
    <property name="java.specification.vendor" value="Oracle Corporation"/>
    <property name="java.version.date" value="2023-04-18"/>
    <property name="java.home" value="/Users/shukrahalimi/Library/Java/JavaVirtualMachines/openjdk-20.0.1/Contents/Home"/>
    <property name="file.separator" value="/"/>
    <property name="basedir" value="/Users/shukrahalimi/IdeaProjects/web-scraper-thesis/web-scraper-thesis-model"/>
    <property name="java.vm.compressedOopsMode" value="Zero based"/>
    <property name="line.separator" value="&#10;"/>
    <property name="java.vm.specification.vendor" value="Oracle Corporation"/>
    <property name="java.specification.name" value="Java Platform API Specification"/>
    <property name="FILE_LOG_CHARSET" value="UTF-8"/>
    <property name="java.awt.headless" value="true"/>
    <property name="apple.awt.application.name" value="ForkedBooter"/>
    <property name="surefire.real.class.path" value="/Users/shukrahalimi/IdeaProjects/web-scraper-thesis/web-scraper-thesis-model/target/surefire/surefirebooter-20231204183412071_3.jar"/>
    <property name="sun.management.compiler" value="HotSpot 64-Bit Tiered Compilers"/>
    <property name="ftp.nonProxyHosts" value="local|*.local|169.254/16|*.169.254/16"/>
    <property name="java.runtime.version" value="20.0.1+9-29"/>
    <property name="user.name" value="shukrahalimi"/>
    <property name="stdout.encoding" value="UTF-8"/>
    <property name="path.separator" value=":"/>
    <property name="os.version" value="13.4"/>
    <property name="java.runtime.name" value="OpenJDK Runtime Environment"/>
    <property name="file.encoding" value="UTF-8"/>
    <property name="java.vm.name" value="OpenJDK 64-Bit Server VM"/>
    <property name="localRepository" value="/Users/shukrahalimi/.m2/repository"/>
    <property name="java.vendor.url.bug" value="https://bugreport.java.com/bugreport/"/>
    <property name="java.io.tmpdir" value="/var/folders/mx/sc1r8kj92p170fxr67vb9ll80000gn/T/"/>
    <property name="java.version" value="20.0.1"/>
    <property name="user.dir" value="/Users/shukrahalimi/IdeaProjects/web-scraper-thesis/web-scraper-thesis-model"/>
    <property name="os.arch" value="x86_64"/>
    <property name="java.vm.specification.name" value="Java Virtual Machine Specification"/>
    <property name="PID" value="88938"/>
    <property name="CONSOLE_LOG_CHARSET" value="UTF-8"/>
    <property name="native.encoding" value="UTF-8"/>
    <property name="java.library.path" value="/Users/shukrahalimi/Library/Java/Extensions:/Library/Java/Extensions:/Network/Library/Java/Extensions:/System/Library/Java/Extensions:/usr/lib/java:."/>
    <property name="java.vm.info" value="mixed mode, sharing"/>
    <property name="stderr.encoding" value="UTF-8"/>
    <property name="java.vendor" value="Oracle Corporation"/>
    <property name="java.vm.version" value="20.0.1+9-29"/>
    <property name="sun.io.unicode.encoding" value="UnicodeBig"/>
    <property name="socksNonProxyHosts" value="local|*.local|169.254/16|*.169.254/16"/>
    <property name="java.class.version" value="64.0"/>
  </properties>
  <testcase name="contextLoads" classname="com.scrapernest.webscraperthesismodel.WebScraperThesisModelApplicationTests" time="1.499">
    <system-out><![CDATA[18:34:14.161 [main] INFO org.springframework.boot.devtools.restart.RestartApplicationListener -- Restart disabled due to context in which it is running

  .   ____          _            __ _ _
 /\\ / ___'_ __ _ _(_)_ __  __ _ \ \ \ \
( ( )\___ | '_ | '_| | '_ \/ _` | \ \ \ \
 \\/  ___)| |_)| | | | | || (_| |  ) ) ) )
  '  |____| .__|_| |_|_| |_\__, | / / / /
 =========|_|==============|___/=/_/_/_/
 :: Spring Boot ::                (v3.2.0)

2023-12-04T18:34:14.621+01:00  INFO 88938 --- [           main] .w.WebScraperThesisModelApplicationTests : Starting WebScraperThesisModelApplicationTests using Java 20.0.1 with PID 88938 (started by shukrahalimi in /Users/shukrahalimi/IdeaProjects/web-scraper-thesis/web-scraper-thesis-model)
2023-12-04T18:34:14.624+01:00  INFO 88938 --- [           main] .w.WebScraperThesisModelApplicationTests : No active profile set, falling back to 1 default profile: "default"
2023-12-04T18:34:15.799+01:00  INFO 88938 --- [           main] .s.d.r.c.RepositoryConfigurationDelegate : Bootstrapping Spring Data MongoDB repositories in DEFAULT mode.
2023-12-04T18:34:16.146+01:00  INFO 88938 --- [           main] .s.d.r.c.RepositoryConfigurationDelegate : Finished Spring Data repository scanning in 339 ms. Found 4 MongoDB repository interfaces.
2023-12-04T18:34:16.576+01:00  INFO 88938 --- [           main] .s.d.r.c.RepositoryConfigurationDelegate : Bootstrapping Spring Data Reactive MongoDB repositories in DEFAULT mode.
2023-12-04T18:34:16.588+01:00  INFO 88938 --- [           main] .s.d.r.c.RepositoryConfigurationDelegate : Finished Spring Data repository scanning in 11 ms. Found 0 Reactive MongoDB repository interfaces.
2023-12-04T18:34:17.592+01:00  INFO 88938 --- [localhost:27017] org.mongodb.driver.cluster               : Monitor thread successfully connected to server with description ServerDescription{address=localhost:27017, type=STANDALONE, state=CONNECTED, ok=true, minWireVersion=0, maxWireVersion=21, maxDocumentSize=16777216, logicalSessionTimeoutMinutes=30, roundTripTimeNanos=38843309}
2023-12-04T18:34:17.593+01:00  INFO 88938 --- [           main] org.mongodb.driver.client                : MongoClient with metadata {"driver": {"name": "mongo-java-driver|sync|spring-boot", "version": "4.11.1"}, "os": {"type": "Darwin", "name": "Mac OS X", "architecture": "x86_64", "version": "13.4"}, "platform": "Java/Oracle Corporation/20.0.1+9-29"} created with settings MongoClientSettings{readPreference=primary, writeConcern=WriteConcern{w=null, wTimeout=null ms, journal=null}, retryWrites=true, retryReads=true, readConcern=ReadConcern{level=null}, credential=null, transportSettings=null, streamFactoryFactory=null, commandListeners=[], codecRegistry=ProvidersCodecRegistry{codecProviders=[ValueCodecProvider{}, BsonValueCodecProvider{}, DBRefCodecProvider{}, DBObjectCodecProvider{}, DocumentCodecProvider{}, CollectionCodecProvider{}, IterableCodecProvider{}, MapCodecProvider{}, GeoJsonCodecProvider{}, GridFSFileCodecProvider{}, Jsr310CodecProvider{}, JsonObjectCodecProvider{}, BsonCodecProvider{}, EnumCodecProvider{}, com.mongodb.client.model.mql.ExpressionCodecProvider@183ade54, com.mongodb.Jep395RecordCodecProvider@4c51077d, com.mongodb.KotlinCodecProvider@5974b7e8]}, loggerSettings=LoggerSettings{maxDocumentLength=1000}, clusterSettings={hosts=[localhost:27017], srvServiceName=mongodb, mode=SINGLE, requiredClusterType=UNKNOWN, requiredReplicaSetName='null', serverSelector='null', clusterListeners='[]', serverSelectionTimeout='30000 ms', localThreshold='15 ms'}, socketSettings=SocketSettings{connectTimeoutMS=10000, readTimeoutMS=0, receiveBufferSize=0, proxySettings=ProxySettings{host=null, port=null, username=null, password=null}}, heartbeatSocketSettings=SocketSettings{connectTimeoutMS=10000, readTimeoutMS=10000, receiveBufferSize=0, proxySettings=ProxySettings{host=null, port=null, username=null, password=null}}, connectionPoolSettings=ConnectionPoolSettings{maxSize=100, minSize=0, maxWaitTimeMS=120000, maxConnectionLifeTimeMS=0, maxConnectionIdleTimeMS=0, maintenanceInitialDelayMS=0, maintenanceFrequencyMS=60000, connectionPoolListeners=[], maxConnecting=2}, serverSettings=ServerSettings{heartbeatFrequencyMS=10000, minHeartbeatFrequencyMS=500, serverListeners='[]', serverMonitorListeners='[]'}, sslSettings=SslSettings{enabled=false, invalidHostNameAllowed=false, context=null}, applicationName='null', compressorList=[], uuidRepresentation=JAVA_LEGACY, serverApi=null, autoEncryptionSettings=null, dnsClient=null, inetAddressResolver=null, contextProvider=null}
2023-12-04T18:34:19.433+01:00  WARN 88938 --- [           main] ion$DefaultTemplateResolverConfiguration : Cannot find template location: classpath:/templates/ (please add some templates, check your Thymeleaf configuration, or set spring.thymeleaf.check-template-location=false)
2023-12-04T18:34:19.517+01:00  INFO 88938 --- [           main] org.mongodb.driver.client                : MongoClient with metadata {"driver": {"name": "mongo-java-driver|reactive-streams|spring-boot", "version": "4.11.1"}, "os": {"type": "Darwin", "name": "Mac OS X", "architecture": "x86_64", "version": "13.4"}, "platform": "Java/Oracle Corporation/20.0.1+9-29"} created with settings MongoClientSettings{readPreference=primary, writeConcern=WriteConcern{w=null, wTimeout=null ms, journal=null}, retryWrites=true, retryReads=true, readConcern=ReadConcern{level=null}, credential=null, transportSettings=null, streamFactoryFactory=null, commandListeners=[], codecRegistry=ProvidersCodecRegistry{codecProviders=[ValueCodecProvider{}, BsonValueCodecProvider{}, DBRefCodecProvider{}, DBObjectCodecProvider{}, DocumentCodecProvider{}, CollectionCodecProvider{}, IterableCodecProvider{}, MapCodecProvider{}, GeoJsonCodecProvider{}, GridFSFileCodecProvider{}, Jsr310CodecProvider{}, JsonObjectCodecProvider{}, BsonCodecProvider{}, EnumCodecProvider{}, com.mongodb.client.model.mql.ExpressionCodecProvider@183ade54, com.mongodb.Jep395RecordCodecProvider@4c51077d, com.mongodb.KotlinCodecProvider@5974b7e8]}, loggerSettings=LoggerSettings{maxDocumentLength=1000}, clusterSettings={hosts=[localhost:27017], srvServiceName=mongodb, mode=SINGLE, requiredClusterType=UNKNOWN, requiredReplicaSetName='null', serverSelector='null', clusterListeners='[]', serverSelectionTimeout='30000 ms', localThreshold='15 ms'}, socketSettings=SocketSettings{connectTimeoutMS=10000, readTimeoutMS=0, receiveBufferSize=0, proxySettings=ProxySettings{host=null, port=null, username=null, password=null}}, heartbeatSocketSettings=SocketSettings{connectTimeoutMS=10000, readTimeoutMS=10000, receiveBufferSize=0, proxySettings=ProxySettings{host=null, port=null, username=null, password=null}}, connectionPoolSettings=ConnectionPoolSettings{maxSize=100, minSize=0, maxWaitTimeMS=120000, maxConnectionLifeTimeMS=0, maxConnectionIdleTimeMS=0, maintenanceInitialDelayMS=0, maintenanceFrequencyMS=60000, connectionPoolListeners=[], maxConnecting=2}, serverSettings=ServerSettings{heartbeatFrequencyMS=10000, minHeartbeatFrequencyMS=500, serverListeners='[]', serverMonitorListeners='[]'}, sslSettings=SslSettings{enabled=false, invalidHostNameAllowed=false, context=null}, applicationName='null', compressorList=[], uuidRepresentation=JAVA_LEGACY, serverApi=null, autoEncryptionSettings=null, dnsClient=null, inetAddressResolver=null, contextProvider=null}
2023-12-04T18:34:19.605+01:00  INFO 88938 --- [localhost:27017] org.mongodb.driver.cluster               : Monitor thread successfully connected to server with description ServerDescription{address=localhost:27017, type=STANDALONE, state=CONNECTED, ok=true, minWireVersion=0, maxWireVersion=21, maxDocumentSize=16777216, logicalSessionTimeoutMinutes=30, roundTripTimeNanos=76846801}
2023-12-04T18:34:19.744+01:00  WARN 88938 --- [           main] .s.s.UserDetailsServiceAutoConfiguration : 

Using generated security password: 23a6cf7a-006d-4652-b8fe-1e7300d8ebb4

This generated password is for development use only. Your security configuration must be updated before running your application in production.

2023-12-04T18:34:20.014+01:00  INFO 88938 --- [           main] o.s.s.web.DefaultSecurityFilterChain     : Will secure any request with [org.springframework.security.web.session.DisableEncodeUrlFilter@16cf7fd0, org.springframework.security.web.context.request.async.WebAsyncManagerIntegrationFilter@7bc2bb58, org.springframework.security.web.context.SecurityContextHolderFilter@44aed6a4, org.springframework.security.web.header.HeaderWriterFilter@7540160e, org.springframework.web.filter.CorsFilter@7e2c6fd6, org.springframework.security.web.csrf.CsrfFilter@7d6c4079, org.springframework.security.web.authentication.logout.LogoutFilter@5871a482, org.springframework.security.web.authentication.UsernamePasswordAuthenticationFilter@17d76ebb, org.springframework.security.web.authentication.ui.DefaultLoginPageGeneratingFilter@4070ace9, org.springframework.security.web.authentication.ui.DefaultLogoutPageGeneratingFilter@7ff6804a, org.springframework.security.web.authentication.www.BasicAuthenticationFilter@71139e77, org.springframework.security.web.savedrequest.RequestCacheAwareFilter@5ca22e19, org.springframework.security.web.servletapi.SecurityContextHolderAwareRequestFilter@29d3d0fb, org.springframework.security.web.authentication.AnonymousAuthenticationFilter@12aa519b, org.springframework.security.web.access.ExceptionTranslationFilter@2d9de284, org.springframework.security.web.access.intercept.AuthorizationFilter@2a425cf5]
2023-12-04T18:34:20.147+01:00  INFO 88938 --- [           main] .w.WebScraperThesisModelApplicationTests : Started WebScraperThesisModelApplicationTests in 6.013 seconds (process running for 7.897)
]]></system-out>
  </testcase>
</testsuite>